<?xml version="1.0" encoding="UTF-8"?>
<!-- Generated by org.testng.reporters.JUnitReportReporter -->
<testsuite hostname="Srinivas" name="com.inetBanking.testCases.TC_LoginDDT_002" tests="4" failures="0" timestamp="21 Sep 2021 18:14:49 GMT" time="10.222" errors="0">
  <testcase name="loginDDT" time="2.150" classname="com.inetBanking.testCases.TC_LoginDDT_002"/>
  <testcase name="loginDDT" time="2.211" classname="com.inetBanking.testCases.TC_LoginDDT_002"/>
  <testcase name="loginDDT" time="3.087" classname="com.inetBanking.testCases.TC_LoginDDT_002"/>
  <testcase name="loginDDT" time="2.774" classname="com.inetBanking.testCases.TC_LoginDDT_002"/>
</testsuite> <!-- com.inetBanking.testCases.TC_LoginDDT_002 -->
