<?xml version="1.0" encoding="UTF-8"?>
<!-- Generated by org.testng.reporters.JUnitReportReporter -->
<testsuite hostname="Srinivas" name="com.inetBanking.testCases.TC_LoginDDT_002" tests="4" failures="0" timestamp="21 Sep 2021 18:04:17 GMT" time="11.681" errors="0">
  <testcase name="loginDDT" time="2.882" classname="com.inetBanking.testCases.TC_LoginDDT_002"/>
  <testcase name="loginDDT" time="2.905" classname="com.inetBanking.testCases.TC_LoginDDT_002"/>
  <testcase name="loginDDT" time="3.075" classname="com.inetBanking.testCases.TC_LoginDDT_002"/>
  <testcase name="loginDDT" time="2.819" classname="com.inetBanking.testCases.TC_LoginDDT_002"/>
</testsuite> <!-- com.inetBanking.testCases.TC_LoginDDT_002 -->
